Determining if the pthread_create exist failed with the following output:
Change Dir: /home/ucar/ucar_ws/build/CMakeFiles/CMakeTmp

Run Build Command:"/usr/bin/make" "cmTC_28ce6/fast"
/usr/bin/make -f CMakeFiles/cmTC_28ce6.dir/build.make CMakeFiles/cmTC_28ce6.dir/build
make[1]: Entering directory '/home/ucar/ucar_ws/build/CMakeFiles/CMakeTmp'
Building C object CMakeFiles/cmTC_28ce6.dir/CheckSymbolExists.c.o
/usr/bin/cc    -o CMakeFiles/cmTC_28ce6.dir/CheckSymbolExists.c.o   -c /home/ucar/ucar_ws/build/CMakeFiles/CMakeTmp/CheckSymbolExists.c
Linking C executable cmTC_28ce6
/usr/bin/cmake -E cmake_link_script CMakeFiles/cmTC_28ce6.dir/link.txt --verbose=1
/usr/bin/cc      -rdynamic CMakeFiles/cmTC_28ce6.dir/CheckSymbolExists.c.o  -o cmTC_28ce6 
/usr/bin/ld: CMakeFiles/cmTC_28ce6.dir/CheckSymbolExists.c.o: in function `main':
CheckSymbolExists.c:(.text+0x14): undefined reference to `pthread_create'
/usr/bin/ld: CheckSymbolExists.c:(.text+0x18): undefined reference to `pthread_create'
collect2: error: ld returned 1 exit status
make[1]: *** [CMakeFiles/cmTC_28ce6.dir/build.make:87: cmTC_28ce6] Error 1
make[1]: Leaving directory '/home/ucar/ucar_ws/build/CMakeFiles/CMakeTmp'
make: *** [Makefile:121: cmTC_28ce6/fast] Error 2

File /home/ucar/ucar_ws/build/CMakeFiles/CMakeTmp/CheckSymbolExists.c:
/* */
#include <pthread.h>

int main(int argc, char** argv)
{
  (void)argv;
#ifndef pthread_create
  return ((int*)(&pthread_create))[argc];
#else
  (void)argc;
  return 0;
#endif
}

Determining if the function pthread_create exists in the pthreads failed with the following output:
Change Dir: /home/ucar/ucar_ws/build/CMakeFiles/CMakeTmp

Run Build Command:"/usr/bin/make" "cmTC_28383/fast"
/usr/bin/make -f CMakeFiles/cmTC_28383.dir/build.make CMakeFiles/cmTC_28383.dir/build
make[1]: Entering directory '/home/ucar/ucar_ws/build/CMakeFiles/CMakeTmp'
Building C object CMakeFiles/cmTC_28383.dir/CheckFunctionExists.c.o
/usr/bin/cc   -DCHECK_FUNCTION_EXISTS=pthread_create   -o CMakeFiles/cmTC_28383.dir/CheckFunctionExists.c.o   -c /usr/share/cmake-3.13/Modules/CheckFunctionExists.c
Linking C executable cmTC_28383
/usr/bin/cmake -E cmake_link_script CMakeFiles/cmTC_28383.dir/link.txt --verbose=1
/usr/bin/cc  -DCHECK_FUNCTION_EXISTS=pthread_create    -rdynamic CMakeFiles/cmTC_28383.dir/CheckFunctionExists.c.o  -o cmTC_28383 -lpthreads 
/usr/bin/ld: cannot find -lpthreads
collect2: error: ld returned 1 exit status
make[1]: *** [CMakeFiles/cmTC_28383.dir/build.make:87: cmTC_28383] Error 1
make[1]: Leaving directory '/home/ucar/ucar_ws/build/CMakeFiles/CMakeTmp'
make: *** [Makefile:121: cmTC_28383/fast] Error 2


Determining if the include file FL/Fl.H exists failed with the following output:
Change Dir: /home/ucar/ucar_ws/build/CMakeFiles/CMakeTmp

Run Build Command:"/usr/bin/make" "cmTC_e28ed/fast"
/usr/bin/make -f CMakeFiles/cmTC_e28ed.dir/build.make CMakeFiles/cmTC_e28ed.dir/build
make[1]: Entering directory '/home/ucar/ucar_ws/build/CMakeFiles/CMakeTmp'
Building CXX object CMakeFiles/cmTC_e28ed.dir/CheckIncludeFile.cxx.o
/usr/bin/c++     -o CMakeFiles/cmTC_e28ed.dir/CheckIncludeFile.cxx.o -c /home/ucar/ucar_ws/build/CMakeFiles/CMakeTmp/CheckIncludeFile.cxx
/home/ucar/ucar_ws/build/CMakeFiles/CMakeTmp/CheckIncludeFile.cxx:1:10: fatal error: FL/Fl.H: No such file or directory
 #include <FL/Fl.H>
          ^~~~~~~~~
compilation terminated.
make[1]: *** [CMakeFiles/cmTC_e28ed.dir/build.make:66: CMakeFiles/cmTC_e28ed.dir/CheckIncludeFile.cxx.o] Error 1
make[1]: Leaving directory '/home/ucar/ucar_ws/build/CMakeFiles/CMakeTmp'
make: *** [Makefile:121: cmTC_e28ed/fast] Error 2


Determining if the include file pgm.h exists failed with the following output:
Change Dir: /home/ucar/ucar_ws/build/CMakeFiles/CMakeTmp

Run Build Command:"/usr/bin/make" "cmTC_ae6b4/fast"
/usr/bin/make -f CMakeFiles/cmTC_ae6b4.dir/build.make CMakeFiles/cmTC_ae6b4.dir/build
make[1]: Entering directory '/home/ucar/ucar_ws/build/CMakeFiles/CMakeTmp'
Building CXX object CMakeFiles/cmTC_ae6b4.dir/CheckIncludeFile.cxx.o
/usr/bin/c++     -o CMakeFiles/cmTC_ae6b4.dir/CheckIncludeFile.cxx.o -c /home/ucar/ucar_ws/build/CMakeFiles/CMakeTmp/CheckIncludeFile.cxx
/home/ucar/ucar_ws/build/CMakeFiles/CMakeTmp/CheckIncludeFile.cxx:1:10: fatal error: pgm.h: No such file or directory
 #include <pgm.h>
          ^~~~~~~
compilation terminated.
make[1]: *** [CMakeFiles/cmTC_ae6b4.dir/build.make:66: CMakeFiles/cmTC_ae6b4.dir/CheckIncludeFile.cxx.o] Error 1
make[1]: Leaving directory '/home/ucar/ucar_ws/build/CMakeFiles/CMakeTmp'
make: *** [Makefile:121: cmTC_ae6b4/fast] Error 2


